2020-05-12 18:41:58.068  INFO 656 --- [main] c.z.d.DeliveryrouteApplication           : Starting DeliveryrouteApplication on DESKTOP-VLT5BIO with PID 656 (D:\code\api\deliveryroute\target\classes started by 11514 in D:\code\api\deliveryroute)
2020-05-12 18:41:58.071  INFO 656 --- [main] c.z.d.DeliveryrouteApplication           : No active profile set, falling back to default profiles: default
2020-05-12 18:41:58.609  INFO 656 --- [main] .s.d.r.c.RepositoryConfigurationDelegate : Bootstrapping Spring Data MongoDB repositories in DEFAULT mode.
2020-05-12 18:41:58.659  INFO 656 --- [main] .s.d.r.c.RepositoryConfigurationDelegate : Finished Spring Data repository scanning in 45ms. Found 4 MongoDB repository interfaces.
2020-05-12 18:41:59.015  INFO 656 --- [main] o.s.b.w.embedded.tomcat.TomcatWebServer  : Tomcat initialized with port(s): 8085 (http)
2020-05-12 18:41:59.023  INFO 656 --- [main] o.apache.catalina.core.StandardService   : Starting service [Tomcat]
2020-05-12 18:41:59.023  INFO 656 --- [main] org.apache.catalina.core.StandardEngine  : Starting Servlet engine: [Apache Tomcat/9.0.30]
2020-05-12 18:41:59.122  INFO 656 --- [main] o.a.c.c.C.[Tomcat].[localhost].[/]       : Initializing Spring embedded WebApplicationContext
2020-05-12 18:41:59.122  INFO 656 --- [main] o.s.web.context.ContextLoader            : Root WebApplicationContext: initialization completed in 1013 ms
2020-05-12 18:41:59.316  INFO 656 --- [main] org.mongodb.driver.cluster               : Cluster created with settings {hosts=[localhost:27017], mode=SINGLE, requiredClusterType=UNKNOWN, serverSelectionTimeout='30000 ms', maxWaitQueueSize=500}
2020-05-12 18:41:59.354  INFO 656 --- [cluster-ClusterId{value='5eba7d7781c2673a4283ce07', description='null'}-localhost:27017] org.mongodb.driver.connection            : Opened connection [connectionId{localValue:1, serverValue:123}] to localhost:27017
2020-05-12 18:41:59.359  INFO 656 --- [cluster-ClusterId{value='5eba7d7781c2673a4283ce07', description='null'}-localhost:27017] org.mongodb.driver.cluster               : Monitor thread successfully connected to server with description ServerDescription{address=localhost:27017, type=STANDALONE, state=CONNECTED, ok=true, version=ServerVersion{versionList=[4, 2, 0]}, minWireVersion=0, maxWireVersion=8, maxDocumentSize=16777216, logicalSessionTimeoutMinutes=30, roundTripTimeNanos=2150600}
2020-05-12 18:41:59.685  INFO 656 --- [main] o.s.s.concurrent.ThreadPoolTaskExecutor  : Initializing ExecutorService 'applicationTaskExecutor'
2020-05-12 18:41:59.734  INFO 656 --- [main] o.s.b.a.w.s.WelcomePageHandlerMapping    : Adding welcome page template: index
2020-05-12 18:41:59.844  INFO 656 --- [main] o.s.b.w.embedded.tomcat.TomcatWebServer  : Tomcat started on port(s): 8085 (http) with context path ''
2020-05-12 18:41:59.847  INFO 656 --- [main] c.z.d.DeliveryrouteApplication           : Started DeliveryrouteApplication in 2.112 seconds (JVM running for 3.057)
2020-05-12 18:41:59.881  INFO 656 --- [main] org.mongodb.driver.connection            : Opened connection [connectionId{localValue:2, serverValue:124}] to localhost:27017
2020-05-12 18:42:01.019  INFO 656 --- [http-nio-8085-exec-1] o.a.c.c.C.[Tomcat].[localhost].[/]       : Initializing Spring DispatcherServlet 'dispatcherServlet'
2020-05-12 18:42:01.020  INFO 656 --- [http-nio-8085-exec-1] o.s.web.servlet.DispatcherServlet        : Initializing Servlet 'dispatcherServlet'
2020-05-12 18:42:01.027  INFO 656 --- [http-nio-8085-exec-1] o.s.web.servlet.DispatcherServlet        : Completed initialization in 7 ms
2020-05-12 18:42:01.187  INFO 656 --- [http-nio-8085-exec-1] c.z.d.service.AlgorithService            : Start by Coordinate

2020-05-12 18:42:03.806  INFO 656 --- [http-nio-8085-exec-1] c.z.d.service.AlgorithService            : 坐标:
2020-05-12 18:42:03.806  INFO 656 --- [http-nio-8085-exec-1] c.z.d.service.AlgorithService            : [14.2,13.1] 
2020-05-12 18:42:03.806  INFO 656 --- [http-nio-8085-exec-1] c.z.d.service.AlgorithService            : [12.8,8.5] 
2020-05-12 18:42:03.806  INFO 656 --- [http-nio-8085-exec-1] c.z.d.service.AlgorithService            : [18.4,3.4] 
2020-05-12 18:42:03.806  INFO 656 --- [http-nio-8085-exec-1] c.z.d.service.AlgorithService            : [15.4,16.6] 
2020-05-12 18:42:03.806  INFO 656 --- [http-nio-8085-exec-1] c.z.d.service.AlgorithService            : [18.9,15.2] 
2020-05-12 18:42:03.806  INFO 656 --- [http-nio-8085-exec-1] c.z.d.service.AlgorithService            : [15.5,11.6] 
2020-05-12 18:42:03.807  INFO 656 --- [http-nio-8085-exec-1] c.z.d.service.AlgorithService            : [3.9,10.6] 
2020-05-12 18:42:03.807  INFO 656 --- [http-nio-8085-exec-1] c.z.d.service.AlgorithService            : [10.6,7.6] 
2020-05-12 18:42:03.807  INFO 656 --- [http-nio-8085-exec-1] c.z.d.service.AlgorithService            : [8.6,8.4] 
2020-05-12 18:42:03.807  INFO 656 --- [http-nio-8085-exec-1] c.z.d.service.AlgorithService            : [12.5,2.1] 
2020-05-12 18:42:03.807  INFO 656 --- [http-nio-8085-exec-1] c.z.d.service.AlgorithService            : [13.8,5.2] 
2020-05-12 18:42:03.807  INFO 656 --- [http-nio-8085-exec-1] c.z.d.service.AlgorithService            : [6.7,16.9] 
2020-05-12 18:42:03.807  INFO 656 --- [http-nio-8085-exec-1] c.z.d.service.AlgorithService            : [14.8,2.6] 
2020-05-12 18:42:03.807  INFO 656 --- [http-nio-8085-exec-1] c.z.d.service.AlgorithService            : [1.8,8.7] 
2020-05-12 18:42:03.807  INFO 656 --- [http-nio-8085-exec-1] c.z.d.service.AlgorithService            : [17.1,11.0] 
2020-05-12 18:42:03.807  INFO 656 --- [http-nio-8085-exec-1] c.z.d.service.AlgorithService            : [7.4,1.0] 
2020-05-12 18:42:03.807  INFO 656 --- [http-nio-8085-exec-1] c.z.d.service.AlgorithService            : [0.2,2.8] 
2020-05-12 18:42:03.807  INFO 656 --- [http-nio-8085-exec-1] c.z.d.service.AlgorithService            : [11.9,19.8] 
2020-05-12 18:42:03.807  INFO 656 --- [http-nio-8085-exec-1] c.z.d.service.AlgorithService            : [13.2,15.1] 
2020-05-12 18:42:03.808  INFO 656 --- [http-nio-8085-exec-1] c.z.d.service.AlgorithService            : [6.4,5.6] 
2020-05-12 18:42:03.808  INFO 656 --- [http-nio-8085-exec-1] c.z.d.service.AlgorithService            : [9.6,14.8] 
2020-05-12 18:42:03.808  INFO 656 --- [http-nio-8085-exec-1] c.z.d.service.AlgorithService            : 需求:
2020-05-12 18:42:03.808  INFO 656 --- [http-nio-8085-exec-1] c.z.d.service.AlgorithService            : 0.1 
2020-05-12 18:42:03.808  INFO 656 --- [http-nio-8085-exec-1] c.z.d.service.AlgorithService            : 0.4 
2020-05-12 18:42:03.808  INFO 656 --- [http-nio-8085-exec-1] c.z.d.service.AlgorithService            : 1.2 
2020-05-12 18:42:03.808  INFO 656 --- [http-nio-8085-exec-1] c.z.d.service.AlgorithService            : 1.5 
2020-05-12 18:42:03.808  INFO 656 --- [http-nio-8085-exec-1] c.z.d.service.AlgorithService            : 0.8 
2020-05-12 18:42:03.808  INFO 656 --- [http-nio-8085-exec-1] c.z.d.service.AlgorithService            : 1.3 
2020-05-12 18:42:03.808  INFO 656 --- [http-nio-8085-exec-1] c.z.d.service.AlgorithService            : 1.7 
2020-05-12 18:42:03.808  INFO 656 --- [http-nio-8085-exec-1] c.z.d.service.AlgorithService            : 0.6 
2020-05-12 18:42:03.808  INFO 656 --- [http-nio-8085-exec-1] c.z.d.service.AlgorithService            : 1.2 
2020-05-12 18:42:03.808  INFO 656 --- [http-nio-8085-exec-1] c.z.d.service.AlgorithService            : 0.4 
2020-05-12 18:42:03.809  INFO 656 --- [http-nio-8085-exec-1] c.z.d.service.AlgorithService            : 0.9 
2020-05-12 18:42:03.809  INFO 656 --- [http-nio-8085-exec-1] c.z.d.service.AlgorithService            : 1.3 
2020-05-12 18:42:03.809  INFO 656 --- [http-nio-8085-exec-1] c.z.d.service.AlgorithService            : 1.3 
2020-05-12 18:42:03.809  INFO 656 --- [http-nio-8085-exec-1] c.z.d.service.AlgorithService            : 1.9 
2020-05-12 18:42:03.809  INFO 656 --- [http-nio-8085-exec-1] c.z.d.service.AlgorithService            : 1.7 
2020-05-12 18:42:03.809  INFO 656 --- [http-nio-8085-exec-1] c.z.d.service.AlgorithService            : 1.1 
2020-05-12 18:42:03.809  INFO 656 --- [http-nio-8085-exec-1] c.z.d.service.AlgorithService            : 1.5 
2020-05-12 18:42:03.809  INFO 656 --- [http-nio-8085-exec-1] c.z.d.service.AlgorithService            : 1.6 
2020-05-12 18:42:03.809  INFO 656 --- [http-nio-8085-exec-1] c.z.d.service.AlgorithService            : 1.7 
2020-05-12 18:42:03.809  INFO 656 --- [http-nio-8085-exec-1] c.z.d.service.AlgorithService            : 1.5 
2020-05-12 18:42:03.809  INFO 656 --- [http-nio-8085-exec-1] c.z.d.service.AlgorithService            : 数量n:20
2020-05-12 18:42:03.810  INFO 656 --- [http-nio-8085-exec-1] c.z.d.service.AlgorithService            : 里程:50
2020-05-12 18:42:03.810  INFO 656 --- [http-nio-8085-exec-1] c.z.d.service.AlgorithService            : 载重
2020-05-12 18:42:03.810  INFO 656 --- [http-nio-8085-exec-1] c.z.d.service.AlgorithService            : 8  
2020-05-12 18:42:46.054  INFO 656 --- [http-nio-8085-exec-1] c.z.d.service.AlgorithService            : 路线[0.0, 3.0, 17.0, 19.0, 6.0, 1.0, 8.0, 0.0, 7.0, 20.0, 14.0, 5.0, 2.0, 10.0, 0.0, 4.0, 15.0, 12.0, 9.0, 18.0, 0.0, 13.0, 16.0, 11.0, 0.0]
2020-05-12 18:42:46.054  INFO 656 --- [http-nio-8085-exec-1] c.z.d.service.AlgorithService            : 距离[49.91700527082171, 45.50653595332312, 48.60009048098843, 43.204449629169936]
2020-05-12 18:42:46.054  INFO 656 --- [http-nio-8085-exec-1] c.z.d.service.AlgorithService            : 载重[6.3999999999999995, 6.7, 7.300000000000001, 3.3000000000000003]
2020-05-12 18:42:46.054  INFO 656 --- [http-nio-8085-exec-1] c.z.d.service.AlgorithService            : 种类[[I@571db29a]
2020-05-12 18:46:24.060  INFO 20204 --- [main] c.z.d.DeliveryrouteApplication           : Starting DeliveryrouteApplication on DESKTOP-VLT5BIO with PID 20204 (D:\code\api\deliveryroute\target\classes started by 11514 in D:\code\api\deliveryroute)
2020-05-12 18:46:24.062  INFO 20204 --- [main] c.z.d.DeliveryrouteApplication           : No active profile set, falling back to default profiles: default
2020-05-12 18:46:24.628  INFO 20204 --- [main] .s.d.r.c.RepositoryConfigurationDelegate : Bootstrapping Spring Data MongoDB repositories in DEFAULT mode.
2020-05-12 18:46:24.686  INFO 20204 --- [main] .s.d.r.c.RepositoryConfigurationDelegate : Finished Spring Data repository scanning in 53ms. Found 4 MongoDB repository interfaces.
2020-05-12 18:46:25.035  INFO 20204 --- [main] o.s.b.w.embedded.tomcat.TomcatWebServer  : Tomcat initialized with port(s): 8085 (http)
2020-05-12 18:46:25.043  INFO 20204 --- [main] o.apache.catalina.core.StandardService   : Starting service [Tomcat]
2020-05-12 18:46:25.044  INFO 20204 --- [main] org.apache.catalina.core.StandardEngine  : Starting Servlet engine: [Apache Tomcat/9.0.30]
2020-05-12 18:46:25.145  INFO 20204 --- [main] o.a.c.c.C.[Tomcat].[localhost].[/]       : Initializing Spring embedded WebApplicationContext
2020-05-12 18:46:25.145  INFO 20204 --- [main] o.s.web.context.ContextLoader            : Root WebApplicationContext: initialization completed in 1043 ms
2020-05-12 18:46:25.337  INFO 20204 --- [main] org.mongodb.driver.cluster               : Cluster created with settings {hosts=[localhost:27017], mode=SINGLE, requiredClusterType=UNKNOWN, serverSelectionTimeout='30000 ms', maxWaitQueueSize=500}
2020-05-12 18:46:25.374  INFO 20204 --- [cluster-ClusterId{value='5eba7e811636d90da81b5b56', description='null'}-localhost:27017] org.mongodb.driver.connection            : Opened connection [connectionId{localValue:1, serverValue:125}] to localhost:27017
2020-05-12 18:46:25.380  INFO 20204 --- [cluster-ClusterId{value='5eba7e811636d90da81b5b56', description='null'}-localhost:27017] org.mongodb.driver.cluster               : Monitor thread successfully connected to server with description ServerDescription{address=localhost:27017, type=STANDALONE, state=CONNECTED, ok=true, version=ServerVersion{versionList=[4, 2, 0]}, minWireVersion=0, maxWireVersion=8, maxDocumentSize=16777216, logicalSessionTimeoutMinutes=30, roundTripTimeNanos=2941300}
2020-05-12 18:46:25.707  INFO 20204 --- [main] o.s.s.concurrent.ThreadPoolTaskExecutor  : Initializing ExecutorService 'applicationTaskExecutor'
2020-05-12 18:46:25.758  INFO 20204 --- [main] o.s.b.a.w.s.WelcomePageHandlerMapping    : Adding welcome page template: index
2020-05-12 18:46:25.865  INFO 20204 --- [main] o.s.b.w.embedded.tomcat.TomcatWebServer  : Tomcat started on port(s): 8085 (http) with context path ''
2020-05-12 18:46:25.868  INFO 20204 --- [main] c.z.d.DeliveryrouteApplication           : Started DeliveryrouteApplication in 2.146 seconds (JVM running for 3.077)
2020-05-12 18:46:25.907  INFO 20204 --- [main] org.mongodb.driver.connection            : Opened connection [connectionId{localValue:2, serverValue:126}] to localhost:27017
